<?xml version="1.0" encoding="UTF-8"?>
<!-- Generated by org.testng.reporters.JUnitXMLReporter -->
<testsuite hostname="XPS13" ignored="16" name="Test" tests="8" failures="0" timestamp="28 Jun 2020 20:14:50 GMT" time="60.856" errors="0">
  <testcase name="test_Login" time="4.165" classname="com.mercury.testcases.TC1"/>
  <testcase name="test_flightdetails" time="15.738" classname="com.mercury.testcases.TC2"/>
  <testcase name="test_ReserveFlights" time="5.083" classname="com.mercury.testcases.TC3"/>
  <testcase name="test_passengers" time="2.638" classname="com.mercury.testcases.TC4"/>
  <testcase name="test_creditcard" time="3.75" classname="com.mercury.testcases.TC5"/>
  <testcase name="test_BillingAddressAndTicketless" time="2.251" classname="com.mercury.testcases.TC6"/>
  <testcase name="test_deliveryaddressandsameasbilling" time="4.131" classname="com.mercury.testcases.TC7"/>
  <testcase name="test_securepurchaseandlogout" time="5.912" classname="com.mercury.testcases.TC8"/>
  <testcase name="@BeforeTest lunchURL" time="0.0" classname="com.mercury.basedriver.Basedriver">
    <ignored/>
  </testcase> <!-- @BeforeTest lunchURL -->
  <testcase name="@BeforeTest lunchURL" time="0.0" classname="com.mercury.basedriver.Basedriver">
    <ignored/>
  </testcase> <!-- @BeforeTest lunchURL -->
  <testcase name="@BeforeTest lunchURL" time="0.0" classname="com.mercury.basedriver.Basedriver">
    <ignored/>
  </testcase> <!-- @BeforeTest lunchURL -->
  <testcase name="@BeforeTest lunchURL" time="0.0" classname="com.mercury.basedriver.Basedriver">
    <ignored/>
  </testcase> <!-- @BeforeTest lunchURL -->
  <testcase name="@BeforeTest lunchURL" time="0.0" classname="com.mercury.basedriver.Basedriver">
    <ignored/>
  </testcase> <!-- @BeforeTest lunchURL -->
  <testcase name="@BeforeTest lunchURL" time="0.0" classname="com.mercury.basedriver.Basedriver">
    <ignored/>
  </testcase> <!-- @BeforeTest lunchURL -->
  <testcase name="@BeforeTest lunchURL" time="0.0" classname="com.mercury.basedriver.Basedriver">
    <ignored/>
  </testcase> <!-- @BeforeTest lunchURL -->
  <testcase name="@BeforeTest lunchURL" time="0.0" classname="com.mercury.basedriver.Basedriver">
    <ignored/>
  </testcase> <!-- @BeforeTest lunchURL -->
  <testcase name="@AfterTest closeBrowser" time="0.0" classname="com.mercury.basedriver.Basedriver">
    <ignored/>
  </testcase> <!-- @AfterTest closeBrowser -->
  <testcase name="@AfterTest closeBrowser" time="0.0" classname="com.mercury.basedriver.Basedriver">
    <ignored/>
  </testcase> <!-- @AfterTest closeBrowser -->
  <testcase name="@AfterTest closeBrowser" time="0.0" classname="com.mercury.basedriver.Basedriver">
    <ignored/>
  </testcase> <!-- @AfterTest closeBrowser -->
  <testcase name="@AfterTest closeBrowser" time="0.0" classname="com.mercury.basedriver.Basedriver">
    <ignored/>
  </testcase> <!-- @AfterTest closeBrowser -->
  <testcase name="@AfterTest closeBrowser" time="0.0" classname="com.mercury.basedriver.Basedriver">
    <ignored/>
  </testcase> <!-- @AfterTest closeBrowser -->
  <testcase name="@AfterTest closeBrowser" time="0.0" classname="com.mercury.basedriver.Basedriver">
    <ignored/>
  </testcase> <!-- @AfterTest closeBrowser -->
  <testcase name="@AfterTest closeBrowser" time="0.0" classname="com.mercury.basedriver.Basedriver">
    <ignored/>
  </testcase> <!-- @AfterTest closeBrowser -->
  <testcase name="@AfterTest closeBrowser" time="0.0" classname="com.mercury.basedriver.Basedriver">
    <ignored/>
  </testcase> <!-- @AfterTest closeBrowser -->
</testsuite> <!-- Test -->
